<?xml version="1.0" encoding="UTF-8"?>
<!-- Generated by org.testng.reporters.JUnitReportReporter -->
<testsuite hostname="LAPTOP-8DMJNPKO" failures="0" tests="1" name="regressiontests.NewTest" time="0.817" errors="0" timestamp="2021-11-28T05:36:33 EST" skipped="0">
  <testcase classname="regressiontests.NewTest" name="f" time="0.817"/>
  <system-out/>
</testsuite> <!-- regressiontests.NewTest -->
