<?xml version="1.0" encoding="UTF-8"?>
<!-- Generated by org.testng.reporters.JUnitReportReporter -->
<testsuite skipped="0" hostname="VACLASSROOM2" name="regressiontests.propertiesNewTest" tests="1" failures="0" timestamp="2021-11-28T11:19:11 EST" time="0.347" errors="0">
  <testcase name="f" time="0.347" classname="regressiontests.propertiesNewTest"/>
  <system-out/>
</testsuite> <!-- regressiontests.propertiesNewTest -->
