<?xml version="1.0" encoding="UTF-8"?>
<!-- Generated by org.testng.reporters.JUnitReportReporter -->
<testsuite skipped="0" hostname="VACLASSROOM2" name="regressiontests.NewTest" tests="1" failures="0" timestamp="2021-11-28T11:47:24 EST" time="0.922" errors="0">
  <testcase name="f" time="0.922" classname="regressiontests.NewTest"/>
  <system-out/>
</testsuite> <!-- regressiontests.NewTest -->
