<?xml version="1.0" encoding="UTF-8"?>
<!-- Generated by org.testng.reporters.JUnitReportReporter -->
<testsuite hostname="LAPTOP-8DMJNPKO" failures="0" tests="2" name="regressiontests.dpNewTest" time="13.118" errors="0" timestamp="2021-11-27T13:55:06 EST" skipped="0">
  <testcase classname="regressiontests.dpNewTest" name="f" time="6.761"/>
  <system-out/>
  <testcase classname="regressiontests.dpNewTest" name="f" time="6.357"/>
  <system-out/>
</testsuite> <!-- regressiontests.dpNewTest -->
